<?xml version="1.0" encoding="UTF-8"?>
<testsuite name="MotorSpinCommandTest" tests="7" skipped="0" failures="0" errors="0" timestamp="2025-09-28T01:49:01" hostname="Sainas-iMac.attlocal.net" time="0.646">
  <properties/>
  <testcase name="testExecute()" classname="MotorSpinCommandTest" time="0.528"/>
  <testcase name="testMotorSpinSimulation()" classname="MotorSpinCommandTest" time="0.102"/>
  <testcase name="testEnd()" classname="MotorSpinCommandTest" time="0.002"/>
  <testcase name="testIsFinishedWhenNotGoingForward()" classname="MotorSpinCommandTest" time="0.005"/>
  <testcase name="testIsFinishedWhenGoingForward()" classname="MotorSpinCommandTest" time="0.002"/>
  <testcase name="testInitialize()" classname="MotorSpinCommandTest" time="0.002"/>
  <testcase name="testFullCommandLifecycle()" classname="MotorSpinCommandTest" time="0.002"/>
  <system-out><![CDATA[=== Motor Spin Up Test ===
Cycle 1: Velocity=2.0 RPS, Position=0.120 rotations
Cycle 2: Velocity=5.0 RPS, Position=0.320 rotations
Cycle 3: Velocity=5.0 RPS, Position=0.520 rotations
Cycle 4: Velocity=5.0 RPS, Position=0.720 rotations
Cycle 5: Velocity=5.0 RPS, Position=0.920 rotations
Cycle 6: Velocity=5.0 RPS, Position=1.120 rotations
Cycle 7: Velocity=5.0 RPS, Position=1.320 rotations
Cycle 8: Velocity=5.0 RPS, Position=1.520 rotations
Cycle 9: Velocity=5.0 RPS, Position=1.720 rotations
Cycle 10: Velocity=5.0 RPS, Position=1.920 rotations
Cycle 11: Velocity=5.0 RPS, Position=2.120 rotations
Cycle 12: Velocity=5.0 RPS, Position=2.320 rotations
Cycle 13: Velocity=5.0 RPS, Position=2.520 rotations
Cycle 14: Velocity=5.0 RPS, Position=2.720 rotations
Cycle 15: Velocity=5.0 RPS, Position=2.920 rotations
Cycle 16: Velocity=5.0 RPS, Position=3.120 rotations
Cycle 17: Velocity=5.0 RPS, Position=3.320 rotations
Cycle 18: Velocity=5.0 RPS, Position=3.520 rotations
Cycle 19: Velocity=5.0 RPS, Position=3.720 rotations
Cycle 20: Velocity=5.0 RPS, Position=3.920 rotations
Cycle 21: Velocity=5.0 RPS, Position=4.120 rotations
Cycle 22: Velocity=5.0 RPS, Position=4.320 rotations
Cycle 23: Velocity=5.0 RPS, Position=4.520 rotations
Cycle 24: Velocity=5.0 RPS, Position=4.720 rotations
Cycle 25: Velocity=5.0 RPS, Position=4.920 rotations
Cycle 26: Velocity=5.0 RPS, Position=5.120 rotations
Cycle 27: Velocity=5.0 RPS, Position=5.320 rotations
Cycle 28: Velocity=5.0 RPS, Position=5.520 rotations
Cycle 29: Velocity=5.0 RPS, Position=5.720 rotations
Cycle 30: Velocity=5.0 RPS, Position=5.920 rotations
Cycle 31: Velocity=5.0 RPS, Position=6.120 rotations
Cycle 32: Velocity=5.0 RPS, Position=6.320 rotations
Cycle 33: Velocity=5.0 RPS, Position=6.520 rotations
Cycle 34: Velocity=5.0 RPS, Position=6.720 rotations
Cycle 35: Velocity=5.0 RPS, Position=6.920 rotations
Cycle 36: Velocity=5.0 RPS, Position=7.120 rotations
Cycle 37: Velocity=5.0 RPS, Position=7.320 rotations
Cycle 38: Velocity=5.0 RPS, Position=7.520 rotations
Cycle 39: Velocity=5.0 RPS, Position=7.720 rotations
Cycle 40: Velocity=5.0 RPS, Position=7.920 rotations
Cycle 41: Velocity=5.0 RPS, Position=8.120 rotations
Cycle 42: Velocity=5.0 RPS, Position=8.320 rotations
Cycle 43: Velocity=5.0 RPS, Position=8.520 rotations
Cycle 44: Velocity=5.0 RPS, Position=8.720 rotations
Cycle 45: Velocity=5.0 RPS, Position=8.920 rotations
Cycle 46: Velocity=5.0 RPS, Position=9.120 rotations
Cycle 47: Velocity=5.0 RPS, Position=9.320 rotations
Cycle 48: Velocity=5.0 RPS, Position=9.520 rotations
Cycle 49: Velocity=5.0 RPS, Position=9.720 rotations
Cycle 50: Velocity=5.0 RPS, Position=9.920 rotations
Cycle 51: Velocity=5.0 RPS, Position=10.120 rotations
Cycle 52: Velocity=5.0 RPS, Position=10.320 rotations
Cycle 53: Velocity=5.0 RPS, Position=10.520 rotations
Cycle 54: Velocity=5.0 RPS, Position=10.720 rotations
Cycle 55: Velocity=5.0 RPS, Position=10.920 rotations
Cycle 56: Velocity=5.0 RPS, Position=11.120 rotations
Cycle 57: Velocity=5.0 RPS, Position=11.320 rotations
Cycle 58: Velocity=5.0 RPS, Position=11.520 rotations
Cycle 59: Velocity=5.0 RPS, Position=11.720 rotations
Cycle 60: Velocity=5.0 RPS, Position=11.920 rotations
Cycle 61: Velocity=5.0 RPS, Position=12.120 rotations
Cycle 62: Velocity=5.0 RPS, Position=12.320 rotations
Cycle 63: Velocity=5.0 RPS, Position=12.520 rotations
Cycle 64: Velocity=5.0 RPS, Position=12.720 rotations
Cycle 65: Velocity=5.0 RPS, Position=12.920 rotations
Cycle 66: Velocity=5.0 RPS, Position=13.120 rotations
Cycle 67: Velocity=5.0 RPS, Position=13.320 rotations
Cycle 68: Velocity=5.0 RPS, Position=13.520 rotations
Cycle 69: Velocity=5.0 RPS, Position=13.720 rotations
Cycle 70: Velocity=5.0 RPS, Position=13.920 rotations
Cycle 71: Velocity=5.0 RPS, Position=14.120 rotations
Cycle 72: Velocity=5.0 RPS, Position=14.320 rotations
Cycle 73: Velocity=5.0 RPS, Position=14.520 rotations
Cycle 74: Velocity=5.0 RPS, Position=14.720 rotations
Cycle 75: Velocity=5.0 RPS, Position=14.920 rotations
Cycle 76: Velocity=5.0 RPS, Position=15.120 rotations
Cycle 77: Velocity=5.0 RPS, Position=15.320 rotations
Cycle 78: Velocity=5.0 RPS, Position=15.520 rotations
Cycle 79: Velocity=5.0 RPS, Position=15.720 rotations
Cycle 80: Velocity=5.0 RPS, Position=15.920 rotations
Cycle 81: Velocity=5.0 RPS, Position=16.120 rotations
Cycle 82: Velocity=5.0 RPS, Position=16.320 rotations
Cycle 83: Velocity=5.0 RPS, Position=16.520 rotations
Cycle 84: Velocity=5.0 RPS, Position=16.720 rotations
Cycle 85: Velocity=5.0 RPS, Position=16.920 rotations
Cycle 86: Velocity=5.0 RPS, Position=17.120 rotations
Cycle 87: Velocity=5.0 RPS, Position=17.320 rotations
Cycle 88: Velocity=5.0 RPS, Position=17.520 rotations
Cycle 89: Velocity=5.0 RPS, Position=17.720 rotations
Cycle 90: Velocity=5.0 RPS, Position=17.920 rotations
Cycle 91: Velocity=5.0 RPS, Position=18.120 rotations
Cycle 92: Velocity=5.0 RPS, Position=18.320 rotations
Cycle 93: Velocity=5.0 RPS, Position=18.520 rotations
Cycle 94: Velocity=5.0 RPS, Position=18.720 rotations
Cycle 95: Velocity=5.0 RPS, Position=18.920 rotations
Cycle 96: Velocity=5.0 RPS, Position=19.120 rotations
Cycle 97: Velocity=5.0 RPS, Position=19.320 rotations
Cycle 98: Velocity=5.0 RPS, Position=19.520 rotations
Cycle 99: Velocity=5.0 RPS, Position=19.720 rotations
Cycle 100: Velocity=5.0 RPS, Position=19.920 rotations
Cycle 101: Velocity=5.0 RPS, Position=20.120 rotations
Cycle 102: Velocity=5.0 RPS, Position=20.320 rotations
Cycle 103: Velocity=5.0 RPS, Position=20.520 rotations
Cycle 104: Velocity=5.0 RPS, Position=20.720 rotations
Cycle 105: Velocity=5.0 RPS, Position=20.920 rotations
Cycle 106: Velocity=5.0 RPS, Position=21.120 rotations
Cycle 107: Velocity=5.0 RPS, Position=21.320 rotations
Cycle 108: Velocity=5.0 RPS, Position=21.520 rotations
Cycle 109: Velocity=5.0 RPS, Position=21.720 rotations
Cycle 110: Velocity=5.0 RPS, Position=21.920 rotations
Cycle 111: Velocity=5.0 RPS, Position=22.120 rotations
Cycle 112: Velocity=5.0 RPS, Position=22.320 rotations
Cycle 113: Velocity=5.0 RPS, Position=22.520 rotations
Cycle 114: Velocity=5.0 RPS, Position=22.720 rotations
Cycle 115: Velocity=5.0 RPS, Position=22.920 rotations
Cycle 116: Velocity=5.0 RPS, Position=23.120 rotations
Cycle 117: Velocity=5.0 RPS, Position=23.320 rotations
Cycle 118: Velocity=5.0 RPS, Position=23.520 rotations
Cycle 119: Velocity=5.0 RPS, Position=23.720 rotations
Cycle 120: Velocity=5.0 RPS, Position=23.920 rotations
Cycle 121: Velocity=5.0 RPS, Position=24.120 rotations
Cycle 122: Velocity=5.0 RPS, Position=24.320 rotations
Cycle 123: Velocity=5.0 RPS, Position=24.520 rotations
Cycle 124: Velocity=5.0 RPS, Position=24.720 rotations
Cycle 125: Velocity=5.0 RPS, Position=24.920 rotations
Cycle 126: Velocity=5.0 RPS, Position=25.120 rotations
Cycle 127: Velocity=5.0 RPS, Position=25.320 rotations
Cycle 128: Velocity=5.0 RPS, Position=25.520 rotations
Cycle 129: Velocity=5.0 RPS, Position=25.720 rotations
Cycle 130: Velocity=5.0 RPS, Position=25.920 rotations
Cycle 131: Velocity=5.0 RPS, Position=26.120 rotations
Cycle 132: Velocity=5.0 RPS, Position=26.320 rotations
Cycle 133: Velocity=5.0 RPS, Position=26.520 rotations
Cycle 134: Velocity=5.0 RPS, Position=26.720 rotations
Cycle 135: Velocity=5.0 RPS, Position=26.920 rotations
Cycle 136: Velocity=5.0 RPS, Position=27.120 rotations
Cycle 137: Velocity=5.0 RPS, Position=27.320 rotations
Cycle 138: Velocity=5.0 RPS, Position=27.520 rotations
Cycle 139: Velocity=5.0 RPS, Position=27.720 rotations
Cycle 140: Velocity=5.0 RPS, Position=27.920 rotations
Cycle 141: Velocity=5.0 RPS, Position=28.120 rotations
Cycle 142: Velocity=5.0 RPS, Position=28.320 rotations
Cycle 143: Velocity=5.0 RPS, Position=28.520 rotations
Cycle 144: Velocity=5.0 RPS, Position=28.720 rotations
Cycle 145: Velocity=5.0 RPS, Position=28.920 rotations
Cycle 146: Velocity=5.0 RPS, Position=29.120 rotations
Cycle 147: Velocity=5.0 RPS, Position=29.320 rotations
Cycle 148: Velocity=5.0 RPS, Position=29.520 rotations
Cycle 149: Velocity=5.0 RPS, Position=29.720 rotations
Cycle 150: Velocity=5.0 RPS, Position=29.920 rotations
Cycle 151: Velocity=5.0 RPS, Position=30.120 rotations
Cycle 152: Velocity=5.0 RPS, Position=30.320 rotations
Cycle 153: Velocity=5.0 RPS, Position=30.520 rotations
Cycle 154: Velocity=5.0 RPS, Position=30.720 rotations
Cycle 155: Velocity=5.0 RPS, Position=30.920 rotations
Cycle 156: Velocity=5.0 RPS, Position=31.120 rotations
Cycle 157: Velocity=5.0 RPS, Position=31.320 rotations
Cycle 158: Velocity=5.0 RPS, Position=31.520 rotations
Cycle 159: Velocity=5.0 RPS, Position=31.720 rotations
Cycle 160: Velocity=5.0 RPS, Position=31.920 rotations
Cycle 161: Velocity=5.0 RPS, Position=32.120 rotations
Cycle 162: Velocity=5.0 RPS, Position=32.320 rotations
Cycle 163: Velocity=5.0 RPS, Position=32.520 rotations
Cycle 164: Velocity=5.0 RPS, Position=32.720 rotations
Cycle 165: Velocity=5.0 RPS, Position=32.920 rotations
Cycle 166: Velocity=5.0 RPS, Position=33.120 rotations
Cycle 167: Velocity=5.0 RPS, Position=33.320 rotations
Cycle 168: Velocity=5.0 RPS, Position=33.520 rotations
Cycle 169: Velocity=5.0 RPS, Position=33.720 rotations
Cycle 170: Velocity=5.0 RPS, Position=33.920 rotations
Cycle 171: Velocity=5.0 RPS, Position=34.120 rotations
Cycle 172: Velocity=5.0 RPS, Position=34.320 rotations
Cycle 173: Velocity=5.0 RPS, Position=34.520 rotations
Cycle 174: Velocity=5.0 RPS, Position=34.720 rotations
Cycle 175: Velocity=5.0 RPS, Position=34.920 rotations
Cycle 176: Velocity=5.0 RPS, Position=35.120 rotations
Cycle 177: Velocity=5.0 RPS, Position=35.320 rotations
Cycle 178: Velocity=5.0 RPS, Position=35.520 rotations
Cycle 179: Velocity=5.0 RPS, Position=35.720 rotations
Cycle 180: Velocity=5.0 RPS, Position=35.920 rotations
Cycle 181: Velocity=5.0 RPS, Position=36.120 rotations
Cycle 182: Velocity=5.0 RPS, Position=36.320 rotations
Cycle 183: Velocity=5.0 RPS, Position=36.520 rotations
Cycle 184: Velocity=5.0 RPS, Position=36.720 rotations
Cycle 185: Velocity=5.0 RPS, Position=36.920 rotations
Cycle 186: Velocity=5.0 RPS, Position=37.120 rotations
Cycle 187: Velocity=5.0 RPS, Position=37.320 rotations
Cycle 188: Velocity=5.0 RPS, Position=37.520 rotations
Cycle 189: Velocity=5.0 RPS, Position=37.720 rotations
Cycle 190: Velocity=5.0 RPS, Position=37.920 rotations
Cycle 191: Velocity=5.0 RPS, Position=38.120 rotations
Cycle 192: Velocity=5.0 RPS, Position=38.320 rotations
Cycle 193: Velocity=5.0 RPS, Position=38.520 rotations
Cycle 194: Velocity=5.0 RPS, Position=38.720 rotations
Cycle 195: Velocity=5.0 RPS, Position=38.920 rotations
Cycle 196: Velocity=5.0 RPS, Position=39.120 rotations
Cycle 197: Velocity=5.0 RPS, Position=39.320 rotations
Cycle 198: Velocity=5.0 RPS, Position=39.520 rotations
Cycle 199: Velocity=5.0 RPS, Position=39.720 rotations
Cycle 200: Velocity=5.0 RPS, Position=39.920 rotations
Cycle 201: Velocity=5.0 RPS, Position=40.120 rotations
Cycle 202: Velocity=5.0 RPS, Position=40.320 rotations
Cycle 203: Velocity=5.0 RPS, Position=40.520 rotations
Cycle 204: Velocity=5.0 RPS, Position=40.720 rotations
Cycle 205: Velocity=5.0 RPS, Position=40.920 rotations
Cycle 206: Velocity=5.0 RPS, Position=41.120 rotations
Cycle 207: Velocity=5.0 RPS, Position=41.320 rotations
Cycle 208: Velocity=5.0 RPS, Position=41.520 rotations
Cycle 209: Velocity=5.0 RPS, Position=41.720 rotations
Cycle 210: Velocity=5.0 RPS, Position=41.920 rotations
Cycle 211: Velocity=5.0 RPS, Position=42.120 rotations
Cycle 212: Velocity=5.0 RPS, Position=42.320 rotations
Cycle 213: Velocity=5.0 RPS, Position=42.520 rotations
Cycle 214: Velocity=5.0 RPS, Position=42.720 rotations
Cycle 215: Velocity=5.0 RPS, Position=42.920 rotations
Cycle 216: Velocity=5.0 RPS, Position=43.120 rotations
Cycle 217: Velocity=5.0 RPS, Position=43.320 rotations
Cycle 218: Velocity=5.0 RPS, Position=43.520 rotations
Cycle 219: Velocity=5.0 RPS, Position=43.720 rotations
Cycle 220: Velocity=5.0 RPS, Position=43.920 rotations
Cycle 221: Velocity=5.0 RPS, Position=44.120 rotations
Cycle 222: Velocity=5.0 RPS, Position=44.320 rotations
Cycle 223: Velocity=5.0 RPS, Position=44.520 rotations
Cycle 224: Velocity=5.0 RPS, Position=44.720 rotations
Cycle 225: Velocity=5.0 RPS, Position=44.920 rotations
Cycle 226: Velocity=5.0 RPS, Position=45.120 rotations
Cycle 227: Velocity=5.0 RPS, Position=45.320 rotations
Cycle 228: Velocity=5.0 RPS, Position=45.520 rotations
Cycle 229: Velocity=5.0 RPS, Position=45.720 rotations
Cycle 230: Velocity=5.0 RPS, Position=45.920 rotations
Cycle 231: Velocity=5.0 RPS, Position=46.120 rotations
Cycle 232: Velocity=5.0 RPS, Position=46.320 rotations
Cycle 233: Velocity=5.0 RPS, Position=46.520 rotations
Cycle 234: Velocity=5.0 RPS, Position=46.720 rotations
Cycle 235: Velocity=5.0 RPS, Position=46.920 rotations
Cycle 236: Velocity=5.0 RPS, Position=47.120 rotations
Cycle 237: Velocity=5.0 RPS, Position=47.320 rotations
Cycle 238: Velocity=5.0 RPS, Position=47.520 rotations
Cycle 239: Velocity=5.0 RPS, Position=47.720 rotations
Cycle 240: Velocity=5.0 RPS, Position=47.920 rotations
Cycle 241: Velocity=5.0 RPS, Position=48.120 rotations
Cycle 242: Velocity=5.0 RPS, Position=48.320 rotations
Cycle 243: Velocity=5.0 RPS, Position=48.520 rotations
Cycle 244: Velocity=5.0 RPS, Position=48.720 rotations
Cycle 245: Velocity=5.0 RPS, Position=48.920 rotations
Cycle 246: Velocity=5.0 RPS, Position=49.120 rotations
Cycle 247: Velocity=5.0 RPS, Position=49.320 rotations
Cycle 248: Velocity=5.0 RPS, Position=49.520 rotations
Cycle 249: Velocity=5.0 RPS, Position=49.720 rotations
Cycle 250: Velocity=5.0 RPS, Position=49.920 rotations
]]></system-out>
  <system-err><![CDATA[]]></system-err>
</testsuite>
